AndroidBluetoothChat/app/build/intermediates/manifest_merge_blame_file/debug/processDebugMainManifest/manifest-merger-blame-debug-report.txt
1<?xml version="1.0" encoding="utf-8"?>
2<manifest xmlns:android="http://schemas.android.com/apk/res/android"
3    package="com.sanja.bluetoothchat"
4    android:versionCode="1"
5    android:versionName="1.0" >
6
7    <uses-sdk
8        android:minSdkVersion="23"
9        android:targetSdkVersion="34" />
10
11    <uses-permission
11-->src\main\AndroidManifest.xml:4:5-94
12        android:name="android.permission.BLUETOOTH"
12-->src\main\AndroidManifest.xml:4:22-65
13        android:maxSdkVersion="30" />
13-->src\main\AndroidManifest.xml:4:66-92
14    <uses-permission
14-->src\main\AndroidManifest.xml:5:5-100
15        android:name="android.permission.BLUETOOTH_ADMIN"
15-->src\main\AndroidManifest.xml:5:22-71
16        android:maxSdkVersion="30" />
16-->src\main\AndroidManifest.xml:5:72-98
17    <uses-permission
17-->src\main\AndroidManifest.xml:6:5-119
18        android:name="android.permission.BLUETOOTH_SCAN"
18-->src\main\AndroidManifest.xml:6:22-70
19        android:usesPermissionFlags="neverForLocation" />
19-->src\main\AndroidManifest.xml:6:71-117
20    <uses-permission android:name="android.permission.BLUETOOTH_CONNECT" />
20-->src\main\AndroidManifest.xml:7:5-75
20-->src\main\AndroidManifest.xml:7:22-73
21    <uses-permission
21-->src\main\AndroidManifest.xml:8:5-105
22        android:name="android.permission.ACCESS_FINE_LOCATION"
22-->src\main\AndroidManifest.xml:8:22-76
23        android:maxSdkVersion="30" />
23-->src\main\AndroidManifest.xml:8:77-103
24
25    <uses-feature
25-->src\main\AndroidManifest.xml:9:5-86
26        android:name="android.hardware.bluetooth"
26-->src\main\AndroidManifest.xml:9:19-60
27        android:required="true" />
27-->src\main\AndroidManifest.xml:9:61-84
28
29    <permission
29-->[androidx.core:core:1.9.0] AndroidManifest.xml:22:5-24:47
30        android:name="com.sanja.bluetoothchat.DYNAMIC_RECEIVER_NOT_EXPORTED_PERMISSION"
30-->[androidx.core:core:1.9.0] AndroidManifest.xml:23:9-81
31        android:protectionLevel="signature" />
31-->[androidx.core:core:1.9.0] AndroidManifest.xml:24:9-44
32
33    <uses-permission android:name="com.sanja.bluetoothchat.DYNAMIC_RECEIVER_NOT_EXPORTED_PERMISSION" />
33-->[androidx.core:core:1.9.0] AndroidManifest.xml:26:5-97
33-->[androidx.core:core:1.9.0] AndroidManifest.xml:26:22-94
34
35    <application
35-->src\main\AndroidManifest.xml:10:5-25:19
36        android:allowBackup="true"
36-->src\main\AndroidManifest.xml:11:9-35
37        android:appComponentFactory="androidx.core.app.CoreComponentFactory"
37-->[androidx.core:core:1.9.0] AndroidManifest.xml:28:18-86
38        android:debuggable="true"
39        android:extractNativeLibs="false"
40        android:icon="@mipmap/ic_launcher"
40-->src\main\AndroidManifest.xml:12:9-43
41        android:label="@string/app_name"
41-->src\main\AndroidManifest.xml:13:9-41
42        android:roundIcon="@mipmap/ic_launcher_round"
42-->src\main\AndroidManifest.xml:14:9-54
43        android:supportsRtl="true"
43-->src\main\AndroidManifest.xml:15:9-35
44        android:testOnly="true"
45        android:theme="@style/Theme.AppCompat.Light.DarkActionBar" >
45-->src\main\AndroidManifest.xml:16:9-67
46        <activity
46-->src\main\AndroidManifest.xml:17:9-24:20
47            android:name="com.sanja.bluetoothchat.MainActivity"
47-->src\main\AndroidManifest.xml:18:13-41
48            android:exported="true" >
48-->src\main\AndroidManifest.xml:19:13-36
49            <intent-filter>
49-->src\main\AndroidManifest.xml:20:13-23:29
50                <action android:name="android.intent.action.MAIN" />
50-->src\main\AndroidManifest.xml:21:17-68
50-->src\main\AndroidManifest.xml:21:25-66
51
52                <category android:name="android.intent.category.LAUNCHER" />
52-->src\main\AndroidManifest.xml:22:17-76
52-->src\main\AndroidManifest.xml:22:27-74
53            </intent-filter>
54        </activity>
55
56        <provider
56-->[androidx.emoji2:emoji2:1.2.0] AndroidManifest.xml:24:9-32:20
57            android:name="androidx.startup.InitializationProvider"
57-->[androidx.emoji2:emoji2:1.2.0] AndroidManifest.xml:25:13-67
58            android:authorities="com.sanja.bluetoothchat.androidx-startup"
58-->[androidx.emoji2:emoji2:1.2.0] AndroidManifest.xml:26:13-68
59            android:exported="false" >
59-->[androidx.emoji2:emoji2:1.2.0] AndroidManifest.xml:27:13-37
60            <meta-data
60-->[androidx.emoji2:emoji2:1.2.0] AndroidManifest.xml:29:13-31:52
61                android:name="androidx.emoji2.text.EmojiCompatInitializer"
61-->[androidx.emoji2:emoji2:1.2.0] AndroidManifest.xml:30:17-75
62                android:value="androidx.startup" />
62-->[androidx.emoji2:emoji2:1.2.0] AndroidManifest.xml:31:17-49
63            <meta-data
63-->[androidx.lifecycle:lifecycle-process:2.4.1] AndroidManifest.xml:31:13-33:52
64                android:name="androidx.lifecycle.ProcessLifecycleInitializer"
64-->[androidx.lifecycle:lifecycle-process:2.4.1] AndroidManifest.xml:32:17-78
65                android:value="androidx.startup" />
65-->[androidx.lifecycle:lifecycle-process:2.4.1] AndroidManifest.xml:33:17-49
66        </provider>
67    </application>
68
69</manifest>